#
# There is insufficient memory for the Java Runtime Environment to continue.
# Native memory allocation (mmap) failed to map 197132288 bytes for G1 virtual space
# Possible reasons:
#   The system is out of physical RAM or swap space
#   The process is running with CompressedOops enabled, and the Java Heap may be blocking the growth of the native heap
# Possible solutions:
#   Reduce memory load on the system
#   Increase physical memory or swap space
#   Check if swap backing store is full
#   Decrease Java heap size (-Xmx/-Xms)
#   Decrease number of Java threads
#   Decrease Java thread stack sizes (-Xss)
#   Set larger code cache with -XX:ReservedCodeCacheSize=
#   JVM is running with Zero Based Compressed Oops mode in which the Java heap is
#     placed in the first 32GB address space. The Java Heap base address is the
#     maximum limit for the native heap growth. Please use -XX:HeapBaseMinAddress
#     to set the Java Heap base and to place the Java Heap above 32GB virtual address.
# This output file may be truncated or incomplete.
#
#  Out of Memory Error (os_windows.cpp:3825), pid=17968, tid=16980
#
# JRE version:  (17.0.9) (build )
# Java VM: OpenJDK 64-Bit Server VM (17.0.9+0--11185874, mixed mode, sharing, tiered, compressed oops, compressed class ptrs, g1 gc, windows-amd64)
# No core dump will be written. Minidumps are not enabled by default on client versions of Windows
#

---------------  S U M M A R Y ------------

Command Line: 

Host: Intel(R) Core(TM) i3-1005G1 CPU @ 1.20GHz, 4 cores, 11G,  Windows 11 , 64 bit Build 22621 (10.0.22621.3430)
Time: Sun Apr 21 15:35:20 2024 SE Asia Standard Time elapsed time: 0.035346 seconds (0d 0h 0m 0s)

---------------  T H R E A D  ---------------

Current thread (0x000001da8b63cf80):  JavaThread "Unknown thread" [_thread_in_vm, id=16980, stack(0x000000cc22400000,0x000000cc22500000)]

Stack: [0x000000cc22400000,0x000000cc22500000]
Native frames: (J=compiled Java code, j=interpreted, Vv=VM code, C=native code)
V  [jvm.dll+0x6886e9]
V  [jvm.dll+0x841e4a]
V  [jvm.dll+0x843a8e]
V  [jvm.dll+0x8440f3]
V  [jvm.dll+0x24c14f]
V  [jvm.dll+0x685499]
V  [jvm.dll+0x679c2a]
V  [jvm.dll+0x30cf9b]
V  [jvm.dll+0x314446]
V  [jvm.dll+0x36425e]
V  [jvm.dll+0x36448f]
V  [jvm.dll+0x2e2d68]
V  [jvm.dll+0x2e3cd4]
V  [jvm.dll+0x8129f1]
V  [jvm.dll+0x3720c1]
V  [jvm.dll+0x7f152c]
V  [jvm.dll+0x3f5d4f]
V  [jvm.dll+0x3f7981]
C  [jli.dll+0x528f]
C  [ucrtbase.dll+0x29333]
C  [KERNEL32.DLL+0x1257d]
C  [ntdll.dll+0x5aa48]


---------------  P R O C E S S  ---------------

Threads class SMR info:
_java_thread_list=0x00007ffdf602ef18, length=0, elements={
}

Java Threads: ( => current thread )

Other Threads:
  0x000001da8d764380 GCTaskThread "GC Thread#0" [stack: 0x000000cc22500000,0x000000cc22600000] [id=16280]
  0x000001da8d770ed0 ConcurrentGCThread "G1 Main Marker" [stack: 0x000000cc22600000,0x000000cc22700000] [id=17684]
  0x000001da8d7718f0 ConcurrentGCThread "G1 Conc#0" [stack: 0x000000cc22700000,0x000000cc22800000] [id=9916]

[error occurred during error reporting (printing all threads), id 0xc0000005, EXCEPTION_ACCESS_VIOLATION (0xc0000005) at pc=0x00007ffdf57e3937]

VM state: not at safepoint (not fully initialized)

VM Mutex/Monitor currently owned by a thread:  ([mutex/lock_event])
[0x000001da8d70c7c0] Heap_lock - owner thread: 0x000001da8b63cf80

Heap address: 0x0000000744000000, size: 3008 MB, Compressed Oops mode: Zero based, Oop shift amount: 3

CDS archive(s) mapped at: [0x0000000000000000-0x0000000000000000-0x0000000000000000), size 0, SharedBaseAddress: 0x0000000800000000, ArchiveRelocationMode: 1.
Narrow klass base: 0x0000000000000000, Narrow klass shift: 0, Narrow klass range: 0x0

GC Precious Log:
<Empty>

Heap:
 garbage-first heap   total 0K, used 0K [0x0000000744000000, 0x0000000800000000)
  region size 2048K, 0 young (0K), 0 survivors (0K)
 Metaspace       used 0K, committed 0K, reserved 0K
  class space    used 0K, committed 0K, reserved 0K

Heap Regions: E=young(eden), S=young(survivor), O=old, HS=humongous(starts), HC=humongous(continues), CS=collection set, F=free, OA=open archive, CA=closed archive, TAMS=top-at-mark-start (previous, next)

Card table byte_map: [0x000001daa01c0000,0x000001daa07a0000] _byte_map_base: 0x000001da9c7a0000

Marking Bits (Prev, Next): (CMBitMap*) 0x000001da8d7649a0, (CMBitMap*) 0x000001da8d7649e0
 Prev Bits: [0x000001daa0d80000, 0x000001daa3c80000)
 Next Bits: [0x000001daa3c80000, 0x000001daa6b80000)

GC Heap History (0 events):
No events

Dll operation events (1 events):
Event: 0.020 Loaded shared library D:\android\jbr\bin\java.dll

Deoptimization events (0 events):
No events

Classes unloaded (0 events):
No events

Classes redefined (0 events):
No events

Internal exceptions (0 events):
No events

VM Operations (0 events):
No events

Events (0 events):
No events


Dynamic libraries:
0x00007ff7a70f0000 - 0x00007ff7a70fa000 	D:\android\jbr\bin\java.EXE
0x00007ffe7f0f0000 - 0x00007ffe7f307000 	C:\WINDOWS\SYSTEM32\ntdll.dll
0x00007ffe7d0f0000 - 0x00007ffe7d1b4000 	C:\WINDOWS\System32\KERNEL32.DLL
0x00007ffe7c490000 - 0x00007ffe7c83b000 	C:\WINDOWS\System32\KERNELBASE.dll
0x00007ffe7cc90000 - 0x00007ffe7cda1000 	C:\WINDOWS\System32\ucrtbase.dll
0x00007ffe77420000 - 0x00007ffe77437000 	D:\android\jbr\bin\jli.dll
0x00007ffe7e2b0000 - 0x00007ffe7e45e000 	C:\WINDOWS\System32\USER32.dll
0x00007ffe7c840000 - 0x00007ffe7c866000 	C:\WINDOWS\System32\win32u.dll
0x00007ffe7e890000 - 0x00007ffe7e8b9000 	C:\WINDOWS\System32\GDI32.dll
0x00007ffe7ca80000 - 0x00007ffe7cb99000 	C:\WINDOWS\System32\gdi32full.dll
0x00007ffe7c870000 - 0x00007ffe7c90a000 	C:\WINDOWS\System32\msvcp_win.dll
0x00007ffe77400000 - 0x00007ffe7741b000 	D:\android\jbr\bin\VCRUNTIME140.dll
0x00007ffe61e90000 - 0x00007ffe62123000 	C:\WINDOWS\WinSxS\amd64_microsoft.windows.common-controls_6595b64144ccf1df_6.0.22621.3430_none_270fe68173859015\COMCTL32.dll
0x00007ffe7e780000 - 0x00007ffe7e827000 	C:\WINDOWS\System32\msvcrt.dll
0x00007ffe7d400000 - 0x00007ffe7d431000 	C:\WINDOWS\System32\IMM32.DLL
0x00007ffe773f0000 - 0x00007ffe773fc000 	D:\android\jbr\bin\vcruntime140_1.dll
0x00007ffe77360000 - 0x00007ffe773ed000 	D:\android\jbr\bin\msvcp140.dll
0x00007ffdf54f0000 - 0x00007ffdf6173000 	D:\android\jbr\bin\server\jvm.dll
0x00007ffe7de60000 - 0x00007ffe7df12000 	C:\WINDOWS\System32\ADVAPI32.dll
0x00007ffe7e5d0000 - 0x00007ffe7e678000 	C:\WINDOWS\System32\sechost.dll
0x00007ffe7cba0000 - 0x00007ffe7cbc8000 	C:\WINDOWS\System32\bcrypt.dll
0x00007ffe7ce20000 - 0x00007ffe7cf35000 	C:\WINDOWS\System32\RPCRT4.dll
0x00007ffe7b710000 - 0x00007ffe7b75d000 	C:\WINDOWS\SYSTEM32\POWRPROF.dll
0x00007ffe6a330000 - 0x00007ffe6a339000 	C:\WINDOWS\SYSTEM32\WSOCK32.dll
0x00007ffe7e700000 - 0x00007ffe7e771000 	C:\WINDOWS\System32\WS2_32.dll
0x00007ffe74900000 - 0x00007ffe74934000 	C:\WINDOWS\SYSTEM32\WINMM.dll
0x00007ffe72b70000 - 0x00007ffe72b7a000 	C:\WINDOWS\SYSTEM32\VERSION.dll
0x00007ffe7b690000 - 0x00007ffe7b6a3000 	C:\WINDOWS\SYSTEM32\UMPDC.dll
0x00007ffe7b480000 - 0x00007ffe7b498000 	C:\WINDOWS\SYSTEM32\kernel.appcore.dll
0x00007ffe77350000 - 0x00007ffe7735a000 	D:\android\jbr\bin\jimage.dll
0x00007ffe79d00000 - 0x00007ffe79f33000 	C:\WINDOWS\SYSTEM32\DBGHELP.DLL
0x00007ffe7df20000 - 0x00007ffe7e2a8000 	C:\WINDOWS\System32\combase.dll
0x00007ffe7efb0000 - 0x00007ffe7f087000 	C:\WINDOWS\System32\OLEAUT32.dll
0x00007ffe33f10000 - 0x00007ffe33f42000 	C:\WINDOWS\SYSTEM32\dbgcore.DLL
0x00007ffe7c410000 - 0x00007ffe7c489000 	C:\WINDOWS\System32\bcryptPrimitives.dll
0x00007ffe6a300000 - 0x00007ffe6a325000 	D:\android\jbr\bin\java.dll

dbghelp: loaded successfully - version: 4.0.5 - missing functions: none
symbol engine: initialized successfully - sym options: 0x614 - pdb path: .;D:\android\jbr\bin;C:\WINDOWS\SYSTEM32;C:\WINDOWS\WinSxS\amd64_microsoft.windows.common-controls_6595b64144ccf1df_6.0.22621.3430_none_270fe68173859015;D:\android\jbr\bin\server

VM Arguments:
java_command: <unknown>
java_class_path (initial): <not set>
Launcher Type: SUN_STANDARD

[Global flags]
     intx CICompilerCount                          = 3                                         {product} {ergonomic}
     uint ConcGCThreads                            = 1                                         {product} {ergonomic}
     uint G1ConcRefinementThreads                  = 4                                         {product} {ergonomic}
   size_t G1HeapRegionSize                         = 2097152                                   {product} {ergonomic}
    uintx GCDrainStackTargetSize                   = 64                                        {product} {ergonomic}
   size_t InitialHeapSize                          = 197132288                                 {product} {ergonomic}
   size_t MarkStackSize                            = 4194304                                   {product} {ergonomic}
   size_t MaxHeapSize                              = 3154116608                                {product} {ergonomic}
   size_t MinHeapDeltaBytes                        = 2097152                                   {product} {ergonomic}
   size_t MinHeapSize                              = 8388608                                   {product} {ergonomic}
    uintx NonNMethodCodeHeapSize                   = 5832780                                {pd product} {ergonomic}
    uintx NonProfiledCodeHeapSize                  = 122912730                              {pd product} {ergonomic}
    uintx ProfiledCodeHeapSize                     = 122912730                              {pd product} {ergonomic}
    uintx ReservedCodeCacheSize                    = 251658240                              {pd product} {ergonomic}
     bool SegmentedCodeCache                       = true                                      {product} {ergonomic}
   size_t SoftMaxHeapSize                          = 3154116608                             {manageable} {ergonomic}
     bool UseCompressedClassPointers               = true                           {product lp64_product} {ergonomic}
     bool UseCompressedOops                        = true                           {product lp64_product} {ergonomic}
     bool UseG1GC                                  = true                                      {product} {ergonomic}
     bool UseLargePagesIndividualAllocation        = false                                  {pd product} {ergonomic}

Logging:
Log output configuration:
 #0: stdout all=warning uptime,level,tags
 #1: stderr all=off uptime,level,tags

Environment Variables:
JAVA_HOME=D:\android\jbr
PATH=D:\android\jbr\bin;C:\Program Files\Microsoft\jdk-11.0.16.101-hotspot\bin;C:\Program Files (x86)\Common Files\Intel\Shared Files\cpp\bin\Intel64;C:\Windows\system32;C:\Windows;C:\Windows\System32\Wbem;C:\Windows\System32\WindowsPowerShell\v1.0\;C:\Windows\System32\OpenSSH\;C:\Program Files (x86)\NVIDIA Corporation\PhysX\Common;C:\Program Files\NVIDIA Corporation\NVIDIA NvDLISR;C:\WINDOWS\system32;C:\WINDOWS;C:\WINDOWS\System32\Wbem;C:\WINDOWS\System32\WindowsPowerShell\v1.0\;C:\WINDOWS\System32\OpenSSH\;C:\Program Files\dotnet\;C:\composer;C:\Program Files\nodejs\;C:\Program Files\Git\cmd;C:\Program Files\Microsoft SQL Server\150\Tools\Binn\;C:\Program Files\Microsoft SQL Server\Client SDK\ODBC\170\Tools\Binn\;C:\Program Files\Java\jdk-17.0.2\bin;D:\dartsdk-windows-x64-release\dart-sdk\bin;C:\WINDOWS\system32;C:\WINDOWS;C:\WINDOWS\System32\Wbem;C:\WINDOWS\System32\WindowsPowerShell\v1.0\;C:\WINDOWS\System32\OpenSSH\;C:\Users\Lenovo\AppData\Roaming\Composer\vendor\bin;C:\php-8.2.3;C:\Program Files (x86)\Windows Kits\10\Windows P;D:\MinGW\bin;D:\gradle-8.4-bin\bin;D:\flutter\bin;C:\Program Files\PowerShell\7\;C:\Program Files\Mono\bin\;D:\laragon\bin\composer;D:\laragon\bin;D:\laragon\bin\php\php-8.1.10-Win32-vs16-x64;F:\Semester2\KOMDAT\CVAVR_APK\CV.AVR.A 3.14-19873\CV.AVR.A\BIN;C:\Program Files (x86)\Windows Kits\10\Windows Performance Toolkit\;F:\Semester2\KOMUNIKASI DATA\PROTEUS_APK\Proteus 8 Professional\BIN;F:\Semester2\STRUKTUR DATA\FinalProject\vcpkg;D:\android\jre\bin;C:\Program Files\CMake\bin;C:\Users\Lenovo\AppData\Local\Yarn\config\global\node_modules\.bin;C:\Users\Lenovo\AppData\Roaming\Composer\vendor\bin;C:\Users\Lenovo\AppData\Roaming\npm;C:\Users\Lenovo\AppData\Local\Microsoft\WindowsApps;C:\Users\Lenovo\AppData\Local\GitHubDesktop\bin;C:\Program Files\Java\jdk-17.0.2\bin;C:\Users\Lenovo\AppData\Local\Programs\Microsoft VS Code\bin;C:\Users\Lenovo\.dotnet\tools;D:\flutter\bin;D:\IntelliJ IDEA 2023.2.5\bin;;C:\Program Files\Mono\bin\;D:\laragon\bin\
USERNAME=Lenovo
OS=Windows_NT
PROCESSOR_IDENTIFIER=Intel64 Family 6 Model 126 Stepping 5, GenuineIntel
TMP=C:\Users\Lenovo\AppData\Local\Temp
TEMP=C:\Users\Lenovo\AppData\Local\Temp



Periodic native trim disabled

JNI global refs:
JNI global refs: 0, weak refs: 0

JNI global refs memory usage: 0, weak refs: 0

OOME stack traces (most recent first):
Classloader memory used:


---------------  S Y S T E M  ---------------

OS:
 Windows 11 , 64 bit Build 22621 (10.0.22621.3430)
OS uptime: 0 days 5:53 hours
Hyper-V role detected

CPU: total 4 (initial active 4) (2 cores per cpu, 2 threads per core) family 6 model 126 stepping 5 microcode 0xa8, cx8, cmov, fxsr, ht, mmx, 3dnowpref, sse, sse2, sse3, ssse3, sse4.1, sse4.2, popcnt, lzcnt, tsc, tscinvbit, avx, avx2, aes, erms, clmul, bmi1, bmi2, adx, avx512f, avx512dq, avx512cd, avx512bw, avx512vl, sha, fma, vzeroupper, avx512_vpopcntdq, avx512_vpclmulqdq, avx512_vaes, avx512_vnni, clflush, clflushopt, avx512_vbmi2, avx512_vbmi, hv
Processor Information for all 4 processors :
  Max Mhz: 1190, Current Mhz: 1190, Mhz Limit: 1190

Memory: 4k page, system-wide physical 12030M (431M free)
TotalPageFile size 16126M (AvailPageFile size 99M)
current process WorkingSet (physical memory assigned to process): 11M, peak: 11M
current process commit charge ("private bytes"): 51M, peak: 239M

vm_info: OpenJDK 64-Bit Server VM (17.0.9+0--11185874) for windows-amd64 JRE (17.0.9+0--11185874), built on Dec  6 2023 18:57:44 by "androidbuild" with MS VC++ 16.10 / 16.11 (VS2019)

END.
